Start testing: Jan 07 14:24 CST
----------------------------------------------------------
1/1 Testing: boost_test
1/1 Test: boost_test
Command: "/home/pink/Public/tadis/build/bin/lex_test" "/home/pink/Public/tadis/build/bin/log_test" "/home/pink/Public/tadis/build/bin/parse_test"
Directory: /home/pink/Public/tadis/build
"boost_test" start time: Jan 07 14:24 CST
Output:
----------------------------------------------------------
No errors detected.
<end of output>
Test time =   0.00 sec
----------------------------------------------------------
Test Passed.
"boost_test" end time: Jan 07 14:24 CST
"boost_test" time elapsed: 00:00:00
----------------------------------------------------------

End testing: Jan 07 14:24 CST
