<?xml version="1.0" encoding="UTF-8"?>
<Site BuildName="(empty)"
	BuildStamp="20230107-0139-Experimental"
	Name="(empty)"
	Generator="ctest-3.22.1"
	CompilerName=""
	CompilerVersion=""
	OSName="Linux"
	Hostname="pink-virtual-machine"
	OSRelease="5.15.0-56-generic"
	OSVersion="#62-Ubuntu SMP Tue Nov 22 19:54:14 UTC 2022"
	OSPlatform="x86_64"
	Is64Bits="1"
	VendorString="GenuineIntel"
	VendorID="Intel Corporation"
	FamilyID="6"
	ModelID="126"
	ProcessorCacheSize="6144"
	NumberOfLogicalCPU="4"
	NumberOfPhysicalCPU="4"
	TotalVirtualMemory="3897"
	TotalPhysicalMemory="3889"
	LogicalProcessorsPerPhysical="1"
	ProcessorClockFrequency="1190.4"
	>
	<Testing>
		<StartDateTime>Jan 07 14:24 CST</StartDateTime>
		<StartTestTime>1673072684</StartTestTime>
		<TestList>
			<Test>./boost_test</Test>
		</TestList>
		<Test Status="passed">
			<Name>boost_test</Name>
			<Path>.</Path>
			<FullName>./boost_test</FullName>
			<FullCommandLine>/home/pink/Public/tadis/build/bin/lex_test "/home/pink/Public/tadis/build/bin/log_test" "/home/pink/Public/tadis/build/bin/parse_test"</FullCommandLine>
			<Results>
				<NamedMeasurement type="numeric/double" name="Execution Time">
					<Value>0.00325193</Value>
				</NamedMeasurement>
				<NamedMeasurement type="numeric/double" name="Processors">
					<Value>1</Value>
				</NamedMeasurement>
				<NamedMeasurement type="text/string" name="Completion Status">
					<Value>Completed</Value>
				</NamedMeasurement>
				<NamedMeasurement type="text/string" name="Command Line">
					<Value>/home/pink/Public/tadis/build/bin/lex_test "/home/pink/Public/tadis/build/bin/log_test" "/home/pink/Public/tadis/build/bin/parse_test"</Value>
				</NamedMeasurement>
				<NamedMeasurement type="text/string" name="Environment">
					<Value>#CTEST_RESOURCE_GROUP_COUNT=</Value>
				</NamedMeasurement>
				<Measurement>
					<Value>No errors detected.
</Value>
				</Measurement>
			</Results>
		</Test>
		<EndDateTime>Jan 07 14:24 CST</EndDateTime>
		<EndTestTime>1673072684</EndTestTime>
		<ElapsedMinutes>0</ElapsedMinutes>
	</Testing>
</Site>
